Using pre-set license
Built from '2021.3/staging' branch; Version is '2021.3.11f1 (0a5ca18544bf) revision 679073'; Using compiler version '192829333'; Build Type 'Release'
OS: 'Windows 11  (10.0.22631) 64bit Education' Language: 'en' Physical Memory: 16108 MB
BatchMode: 1, IsHumanControllingUs: 0, StartBugReporterOnCrash: 0, Is64bit: 1, IsPro: 1

COMMAND LINE ARGUMENTS:
C:\Program Files\Unity\Hub\Editor\2021.3.11f1\Editor\Unity.exe
-adb2
-batchMode
-noUpm
-name
AssetImportWorker0
-projectPath
D:/OneDrive - University of Waterloo/project_Bimanual
-logFile
Logs/AssetImportWorker0.log
-srvPort
4266
Successfully changed project path to: D:/OneDrive - University of Waterloo/project_Bimanual
D:/OneDrive - University of Waterloo/project_Bimanual
[UnityMemory] Configuration Parameters - Can be set up in boot.config
    "memorysetup-bucket-allocator-granularity=16"
    "memorysetup-bucket-allocator-bucket-count=8"
    "memorysetup-bucket-allocator-block-size=33554432"
    "memorysetup-bucket-allocator-block-count=8"
    "memorysetup-main-allocator-block-size=16777216"
    "memorysetup-thread-allocator-block-size=16777216"
    "memorysetup-gfx-main-allocator-block-size=16777216"
    "memorysetup-gfx-thread-allocator-block-size=16777216"
    "memorysetup-cache-allocator-block-size=4194304"
    "memorysetup-typetree-allocator-block-size=2097152"
    "memorysetup-profiler-bucket-allocator-granularity=16"
    "memorysetup-profiler-bucket-allocator-bucket-count=8"
    "memorysetup-profiler-bucket-allocator-block-size=33554432"
    "memorysetup-profiler-bucket-allocator-block-count=8"
    "memorysetup-profiler-allocator-block-size=16777216"
    "memorysetup-profiler-editor-allocator-block-size=1048576"
    "memorysetup-temp-allocator-size-main=16777216"
    "memorysetup-job-temp-allocator-block-size=2097152"
    "memorysetup-job-temp-allocator-block-size-background=1048576"
    "memorysetup-job-temp-allocator-reduction-small-platforms=262144"
    "memorysetup-temp-allocator-size-background-worker=32768"
    "memorysetup-temp-allocator-size-job-worker=262144"
    "memorysetup-temp-allocator-size-preload-manager=33554432"
    "memorysetup-temp-allocator-size-nav-mesh-worker=65536"
    "memorysetup-temp-allocator-size-audio-worker=65536"
    "memorysetup-temp-allocator-size-cloud-worker=32768"
    "memorysetup-temp-allocator-size-gi-baking-worker=262144"
    "memorysetup-temp-allocator-size-gfx=262144"
Refreshing native plugins compatible for Editor in 49.26 ms, found 3 plugins.
Preloading 0 native plugins for Editor in 0.00 ms.
Initialize engine version: 2021.3.11f1 (0a5ca18544bf)
[Subsystems] Discovering subsystems at path C:/Program Files/Unity/Hub/Editor/2021.3.11f1/Editor/Data/Resources/UnitySubsystems
[Subsystems] Discovering subsystems at path D:/OneDrive - University of Waterloo/project_Bimanual/Assets
GfxDevice: creating device client; threaded=0; jobified=0
Direct3D:
    Version:  Direct3D 11.0 [level 11.1]
    Renderer: NVIDIA GeForce RTX 3060 (ID=0x2504)
    Vendor:   NVIDIA
    VRAM:     12129 MB
    Driver:   31.0.15.3640
Initialize mono
Mono path[0] = 'C:/Program Files/Unity/Hub/Editor/2021.3.11f1/Editor/Data/Managed'
Mono path[1] = 'C:/Program Files/Unity/Hub/Editor/2021.3.11f1/Editor/Data/MonoBleedingEdge/lib/mono/unityjit-win32'
Mono config path = 'C:/Program Files/Unity/Hub/Editor/2021.3.11f1/Editor/Data/MonoBleedingEdge/etc'
Using monoOptions --debugger-agent=transport=dt_socket,embedding=1,server=y,suspend=n,address=127.0.0.1:56516
Begin MonoManager ReloadAssembly
Registering precompiled unity dll's ...
Register platform support module: C:/Program Files/Unity/Hub/Editor/2021.3.11f1/Editor/Data/PlaybackEngines/WebGLSupport/UnityEditor.WebGL.Extensions.dll
Register platform support module: C:/Program Files/Unity/Hub/Editor/2021.3.11f1/Editor/Data/PlaybackEngines/WindowsStandaloneSupport/UnityEditor.WindowsStandalone.Extensions.dll
Registered in 0.004029 seconds.
Native extension for WindowsStandalone target not found
Native extension for WebGL target not found
Refreshing native plugins compatible for Editor in 46.54 ms, found 3 plugins.
Preloading 0 native plugins for Editor in 0.00 ms.
Mono: successfully reloaded assembly
- Completed reload, in  0.498 seconds
Domain Reload Profiling:
	ReloadAssembly (498ms)
		BeginReloadAssembly (61ms)
			ExecutionOrderSort (0ms)
			DisableScriptedObjects (0ms)
			BackupInstance (0ms)
			ReleaseScriptingObjects (0ms)
			CreateAndSetChildDomain (1ms)
		EndReloadAssembly (350ms)
			LoadAssemblies (59ms)
			RebuildTransferFunctionScriptingTraits (0ms)
			SetupTypeCache (84ms)
			ReleaseScriptCaches (0ms)
			RebuildScriptCaches (23ms)
			SetupLoadedEditorAssemblies (198ms)
				LogAssemblyErrors (0ms)
				InitializePlatformSupportModulesInManaged (6ms)
				SetLoadedEditorAssemblies (0ms)
				RefreshPlugins (47ms)
				BeforeProcessingInitializeOnLoad (1ms)
				ProcessInitializeOnLoadAttributes (111ms)
				ProcessInitializeOnLoadMethodAttributes (33ms)
				AfterProcessingInitializeOnLoad (0ms)
				EditorAssembliesLoaded (0ms)
			ExecutionOrderSort2 (0ms)
			AwakeInstancesAfterBackupRestoration (0ms)
Platform modules already initialized, skipping
Registering precompiled user dll's ...
Registered in 0.008151 seconds.
Begin MonoManager ReloadAssembly
Symbol file LoadedFromMemory doesn't match image D:\OneDrive - University of Waterloo\project_Bimanual\Library\PackageCache\com.unity.visualscripting@1.7.8\Editor\VisualScripting.Core\Dependencies\YamlDotNet\Unity.VisualScripting.YamlDotNet.dll
Symbol file LoadedFromMemory doesn't match image D:\OneDrive - University of Waterloo\project_Bimanual\Library\PackageCache\com.unity.visualscripting@1.7.8\Editor\VisualScripting.Core\Dependencies\DotNetZip\Unity.VisualScripting.IonicZip.dll
Could not resolve field token 0x040000a3, due to: Could not load type of field 'MathNet.Numerics.Control:<TaskScheduler>k__BackingField' (10) due to: Could not resolve type with token 0100002f from typeref (expected class 'System.Threading.Tasks.TaskScheduler' in assembly 'System.Threading, Version=1.0.2856.102, Culture=neutral, PublicKeyToken=31bf3856ad364e35') assembly:System.Threading, Version=1.0.2856.102, Culture=neutral, PublicKeyToken=31bf3856ad364e35 type:System.Threading.Tasks.TaskScheduler member:(null) assembly:D:\OneDrive - University of Waterloo\project_Bimanual\Assets\dll\MathNet.Numerics.dll type:Control member:(null)
Could not resolve field token 0x040000a4, due to: Could not load type of field 'MathNet.Numerics.Control:<TaskScheduler>k__BackingField' (10) due to: Could not resolve type with token 0100002f from typeref (expected class 'System.Threading.Tasks.TaskScheduler' in assembly 'System.Threading, Version=1.0.2856.102, Culture=neutral, PublicKeyToken=31bf3856ad364e35') assembly:System.Threading, Version=1.0.2856.102, Culture=neutral, PublicKeyToken=31bf3856ad364e35 type:System.Threading.Tasks.TaskScheduler member:(null) assembly:D:\OneDrive - University of Waterloo\project_Bimanual\Assets\dll\MathNet.Numerics.dll type:Control member:(null)
Could not resolve field token 0x040000a5, due to: Could not load type of field 'MathNet.Numerics.Control:<TaskScheduler>k__BackingField' (10) due to: Could not resolve type with token 0100002f from typeref (expected class 'System.Threading.Tasks.TaskScheduler' in assembly 'System.Threading, Version=1.0.2856.102, Culture=neutral, PublicKeyToken=31bf3856ad364e35') assembly:System.Threading, Version=1.0.2856.102, Culture=neutral, PublicKeyToken=31bf3856ad364e35 type:System.Threading.Tasks.TaskScheduler member:(null) assembly:D:\OneDrive - University of Waterloo\project_Bimanual\Assets\dll\MathNet.Numerics.dll type:Control member:(null)
Could not resolve field token 0x040000a6, due to: Could not load type of field 'MathNet.Numerics.Control:<TaskScheduler>k__BackingField' (10) due to: Could not resolve type with token 0100002f from typeref (expected class 'System.Threading.Tasks.TaskScheduler' in assembly 'System.Threading, Version=1.0.2856.102, Culture=neutral, PublicKeyToken=31bf3856ad364e35') assembly:System.Threading, Version=1.0.2856.102, Culture=neutral, PublicKeyToken=31bf3856ad364e35 type:System.Threading.Tasks.TaskScheduler member:(null) assembly:D:\OneDrive - University of Waterloo\project_Bimanual\Assets\dll\MathNet.Numerics.dll type:Control member:(null)
Could not resolve field token 0x0400021e, due to: Could not load type of field 'MathNet.Numerics.LinearAlgebra.Factorization.QR`1[T]:_lazyR' (0) due to: Could not resolve type with token 01000055 from typeref (expected class 'System.Lazy`1' in assembly 'System.Threading, Version=1.0.2856.102, Culture=neutral, PublicKeyToken=31bf3856ad364e35') assembly:System.Threading, Version=1.0.2856.102, Culture=neutral, PublicKeyToken=31bf3856ad364e35 type:System.Lazy`1 member:(null) assembly:D:\OneDrive - University of Waterloo\project_Bimanual\Assets\dll\MathNet.Numerics.dll type:QR`1 member:(null)
Could not resolve field token 0x04000221, due to: Could not load type of field 'MathNet.Numerics.LinearAlgebra.Factorization.Svd`1[T]:_lazyW' (0) due to: Could not resolve type with token 01000055 from typeref (expected class 'System.Lazy`1' in assembly 'System.Threading, Version=1.0.2856.102, Culture=neutral, PublicKeyToken=31bf3856ad364e35') assembly:System.Threading, Version=1.0.2856.102, Culture=neutral, PublicKeyToken=31bf3856ad364e35 type:System.Lazy`1 member:(null) assembly:D:\OneDrive - University of Waterloo\project_Bimanual\Assets\dll\MathNet.Numerics.dll type:Svd`1 member:(null)
Could not resolve field token 0x04000222, due to: Could not load type of field 'MathNet.Numerics.LinearAlgebra.Factorization.Svd`1[T]:_lazyW' (0) due to: Could not resolve type with token 01000055 from typeref (expected class 'System.Lazy`1' in assembly 'System.Threading, Version=1.0.2856.102, Culture=neutral, PublicKeyToken=31bf3856ad364e35') assembly:System.Threading, Version=1.0.2856.102, Culture=neutral, PublicKeyToken=31bf3856ad364e35 type:System.Lazy`1 member:(null) assembly:D:\OneDrive - University of Waterloo\project_Bimanual\Assets\dll\MathNet.Numerics.dll type:Svd`1 member:(null)
Could not resolve field token 0x04000223, due to: Could not load type of field 'MathNet.Numerics.LinearAlgebra.Factorization.Svd`1[T]:_lazyW' (0) due to: Could not resolve type with token 01000055 from typeref (expected class 'System.Lazy`1' in assembly 'System.Threading, Version=1.0.2856.102, Culture=neutral, PublicKeyToken=31bf3856ad364e35') assembly:System.Threading, Version=1.0.2856.102, Culture=neutral, PublicKeyToken=31bf3856ad364e35 type:System.Lazy`1 member:(null) assembly:D:\OneDrive - University of Waterloo\project_Bimanual\Assets\dll\MathNet.Numerics.dll type:Svd`1 member:(null)
Could not resolve field token 0x04000241, due to: Could not set up parent class, due to: Could not set up parent class, due to: Generic Type Definition failed to init, due to: Could not load type of field 'MathNet.Numerics.LinearAlgebra.Factorization.QR`1[T]:_lazyR' (0) due to: Could not resolve type with token 01000055 from typeref (expected class 'System.Lazy`1' in assembly 'System.Threading, Version=1.0.2856.102, Culture=neutral, PublicKeyToken=31bf3856ad364e35') assembly:System.Threading, Version=1.0.2856.102, Culture=neutral, PublicKeyToken=31bf3856ad364e35 type:System.Lazy`1 member:(null) assembly:D:\OneDrive - University of Waterloo\project_Bimanual\Assets\dll\MathNet.Numerics.dll type:QR`1 member:(null) assembly:D:\OneDrive - University of Waterloo\project_Bimanual\Assets\dll\MathNet.Numerics.dll type:QR`1 member:(null) assembly:D:\OneDrive - University of Waterloo\project_Bimanual\Assets\dll\MathNet.Numerics.dll type:QR member:(null) assembly:D:\OneDrive - University of Waterloo\project_Bimanual\Assets\dll\MathNet.Numerics.dll type:DenseQR member:(null)
Could not resolve field token 0x0400025f, due to: Could not set up parent class, due to: Could not set up parent class, due to: Generic Type Definition failed to init, due to: Could not load type of field 'MathNet.Numerics.LinearAlgebra.Factorization.QR`1[T]:_lazyR' (0) due to: Could not resolve type with token 01000055 from typeref (expected class 'System.Lazy`1' in assembly 'System.Threading, Version=1.0.2856.102, Culture=neutral, PublicKeyToken=31bf3856ad364e35') assembly:System.Threading, Version=1.0.2856.102, Culture=neutral, PublicKeyToken=31bf3856ad364e35 type:System.Lazy`1 member:(null) assembly:D:\OneDrive - University of Waterloo\project_Bimanual\Assets\dll\MathNet.Numerics.dll type:QR`1 member:(null) assembly:D:\OneDrive - University of Waterloo\project_Bimanual\Assets\dll\MathNet.Numerics.dll type:QR`1 member:(null) assembly:D:\OneDrive - University of Waterloo\project_Bimanual\Assets\dll\MathNet.Numerics.dll type:QR member:(null) assembly:D:\OneDrive - University of Waterloo\project_Bimanual\Assets\dll\MathNet.Numerics.dll type:DenseQR member:(null)
Could not resolve field token 0x0400027d, due to: Could not set up parent class, due to: Could not set up parent class, due to: Generic Type Definition failed to init, due to: Could not load type of field 'MathNet.Numerics.LinearAlgebra.Factorization.QR`1[T]:_lazyR' (0) due to: Could not resolve type with token 01000055 from typeref (expected class 'System.Lazy`1' in assembly 'System.Threading, Version=1.0.2856.102, Culture=neutral, PublicKeyToken=31bf3856ad364e35') assembly:System.Threading, Version=1.0.2856.102, Culture=neutral, PublicKeyToken=31bf3856ad364e35 type:System.Lazy`1 member:(null) assembly:D:\OneDrive - University of Waterloo\project_Bimanual\Assets\dll\MathNet.Numerics.dll type:QR`1 member:(null) assembly:D:\OneDrive - University of Waterloo\project_Bimanual\Assets\dll\MathNet.Numerics.dll type:QR`1 member:(null) assembly:D:\OneDrive - University of Waterloo\project_Bimanual\Assets\dll\MathNet.Numerics.dll type:QR member:(null) assembly:D:\OneDrive - University of Waterloo\project_Bimanual\Assets\dll\MathNet.Numerics.dll type:DenseQR member:(null)
Could not resolve field token 0x0400029b, due to: Could not set up parent class, due to: Could not set up parent class, due to: Generic Type Definition failed to init, due to: Could not load type of field 'MathNet.Numerics.LinearAlgebra.Factorization.QR`1[T]:_lazyR' (0) due to: Could not resolve type with token 01000055 from typeref (expected class 'System.Lazy`1' in assembly 'System.Threading, Version=1.0.2856.102, Culture=neutral, PublicKeyToken=31bf3856ad364e35') assembly:System.Threading, Version=1.0.2856.102, Culture=neutral, PublicKeyToken=31bf3856ad364e35 type:System.Lazy`1 member:(null) assembly:D:\OneDrive - University of Waterloo\project_Bimanual\Assets\dll\MathNet.Numerics.dll type:QR`1 member:(null) assembly:D:\OneDrive - University of Waterloo\project_Bimanual\Assets\dll\MathNet.Numerics.dll type:QR`1 member:(null) assembly:D:\OneDrive - University of Waterloo\project_Bimanual\Assets\dll\MathNet.Numerics.dll type:QR member:(null) assembly:D:\OneDrive - University of Waterloo\project_Bimanual\Assets\dll\MathNet.Numerics.dll type:DenseQR member:(null)
Native extension for WindowsStandalone target not found
Native extension for WebGL target not found
Refreshing native plugins compatible for Editor in 0.47 ms, found 3 plugins.
Preloading 0 native plugins for Editor in 0.00 ms.
Mono: successfully reloaded assembly
- Completed reload, in  0.540 seconds
Domain Reload Profiling:
	ReloadAssembly (541ms)
		BeginReloadAssembly (85ms)
			ExecutionOrderSort (0ms)
			DisableScriptedObjects (4ms)
			BackupInstance (0ms)
			ReleaseScriptingObjects (0ms)
			CreateAndSetChildDomain (16ms)
		EndReloadAssembly (386ms)
			LoadAssemblies (55ms)
			RebuildTransferFunctionScriptingTraits (0ms)
			SetupTypeCache (134ms)
			ReleaseScriptCaches (0ms)
			RebuildScriptCaches (21ms)
			SetupLoadedEditorAssemblies (148ms)
				LogAssemblyErrors (0ms)
				InitializePlatformSupportModulesInManaged (11ms)
				SetLoadedEditorAssemblies (0ms)
				RefreshPlugins (1ms)
				BeforeProcessingInitializeOnLoad (51ms)
				ProcessInitializeOnLoadAttributes (69ms)
				ProcessInitializeOnLoadMethodAttributes (11ms)
				AfterProcessingInitializeOnLoad (5ms)
				EditorAssembliesLoaded (0ms)
			ExecutionOrderSort2 (0ms)
			AwakeInstancesAfterBackupRestoration (5ms)
Platform modules already initialized, skipping
========================================================================
Worker process is ready to serve import requests
Launched and connected shader compiler UnityShaderCompiler.exe after 0.10 seconds
Refreshing native plugins compatible for Editor in 0.48 ms, found 3 plugins.
Preloading 0 native plugins for Editor in 0.00 ms.
Unloading 3276 Unused Serialized files (Serialized files now loaded: 0)
Unloading 29 unused Assets / (56.6 KB). Loaded Objects now: 3723.
Memory consumption went from 111.4 MB to 111.4 MB.
Total: 2.342800 ms (FindLiveObjects: 0.199500 ms CreateObjectMapping: 0.079200 ms MarkObjects: 1.986800 ms  DeleteObjects: 0.076200 ms)

AssetImportParameters requested are different than current active one (requested -> active):
  custom:video-decoder-ogg-theora: a1e56fd34408186e4bbccfd4996cb3dc -> 
  custom:container-muxer-webm: aa71ff27fc2769a1b78a27578f13a17b -> 
  custom:container-demuxer-webm: 4f35f7cbe854078d1ac9338744f61a02 -> 
  custom:video-encoder-webm-vp8: eb34c28f22e8b96e1ab97ce403110664 -> 
  custom:video-codec-MediaFoundation-h265: 746d11721c4dcdbdad8f713fa42b33f4 -> 
  custom:audio-encoder-webm-vorbis: bf7c407c2cedff20999df2af8eb42d56 -> 
  custom:framework-win-MediaFoundation: 216162199b28c13a410421893ffa2e32 -> 
  custom:container-demuxer-ogg: 62fdf1f143b41e24485cea50d1cbac27 -> 
  custom:video-decoder-webm-vp8: 9c59270c3fd7afecdb556c50c9e8de78 -> 
  custom:audio-decoder-ogg-vorbis: bf7c407c2cedff20999df2af8eb42d56 -> 
========================================================================
Received Import Request.
  Time since last request: 10774.761726 seconds.
  path: Assets/EnhancedSerialPort.cs
  artifactKey: Guid(db93e8b71f31d4f75921f62a9d8627f2) Importer(815301076,1909f56bfc062723c751e8b465ee728b)
Start importing Assets/EnhancedSerialPort.cs using Guid(db93e8b71f31d4f75921f62a9d8627f2) Importer(815301076,1909f56bfc062723c751e8b465ee728b)  -> (artifact id: 'ccfe49f219ac0dfe7edc1e67d1e2f04f') in 0.032711 seconds 
========================================================================
Received Import Request.
  Time since last request: 2.355063 seconds.
  path: Assets/robotController.cs
  artifactKey: Guid(abeb1eaee689b4f70b17be9f5097bb06) Importer(815301076,1909f56bfc062723c751e8b465ee728b)
Start importing Assets/robotController.cs using Guid(abeb1eaee689b4f70b17be9f5097bb06) Importer(815301076,1909f56bfc062723c751e8b465ee728b)  -> (artifact id: '7e413959859f51e6b068f55f8f141c71') in 0.001846 seconds 
========================================================================
Received Import Request.
  Time since last request: 35.511454 seconds.
  path: Assets/drawTargetCircle.cs
  artifactKey: Guid(ffe9886af678746599b788d51a4fc2ec) Importer(815301076,1909f56bfc062723c751e8b465ee728b)
Start importing Assets/drawTargetCircle.cs using Guid(ffe9886af678746599b788d51a4fc2ec) Importer(815301076,1909f56bfc062723c751e8b465ee728b)  -> (artifact id: '577c0fe0cbac10d306159e4f4264ed10') in 0.035116 seconds 
========================================================================
Received Import Request.
  Time since last request: 2.138368 seconds.
  path: Assets/RFT_Sensor.cs
  artifactKey: Guid(471239893d0084c219f65b53aba36e32) Importer(815301076,1909f56bfc062723c751e8b465ee728b)
Start importing Assets/RFT_Sensor.cs using Guid(471239893d0084c219f65b53aba36e32) Importer(815301076,1909f56bfc062723c751e8b465ee728b)  -> (artifact id: '54dba1c2642eb204b709a38e8c9de75d') in 0.019714 seconds 
========================================================================
Received Import Request.
  Time since last request: 18.567408 seconds.
  path: Assets/RFT_Packet.cs
  artifactKey: Guid(676e8c9416bd84c2284da9ac4e81647e) Importer(815301076,1909f56bfc062723c751e8b465ee728b)
Start importing Assets/RFT_Packet.cs using Guid(676e8c9416bd84c2284da9ac4e81647e) Importer(815301076,1909f56bfc062723c751e8b465ee728b)  -> (artifact id: 'e7c46e5f76d54273fc8edbd9b8553456') in 0.001717 seconds 
